0 info it worked if it ends with ok
1 verbose cli [ '/usr/local/bin/node', '/usr/bin/npm', 'run', 'angular' ]
2 info using npm@3.10.10
3 info using node@v6.15.0
4 verbose run-script [ 'preangular', 'angular', 'postangular' ]
5 info lifecycle life_management@1.0.0~preangular: life_management@1.0.0
6 silly lifecycle life_management@1.0.0~preangular: no script for preangular, continuing
7 info lifecycle life_management@1.0.0~angular: life_management@1.0.0
8 verbose lifecycle life_management@1.0.0~angular: unsafe-perm in lifecycle true
9 verbose lifecycle life_management@1.0.0~angular: PATH: /usr/lib/node_modules/npm/bin/node-gyp-bin:/home/zizo/web/github_projects/Life_Management/node_modules/.bin:/usr/lib/jvm/jdk1.8.0_181/bin:/usr/lib/jvm/jdk1.8.0_181/db/bin:/usr/lib/jvm/jdk1.8.0_181/jre/bin:/home/zizo/bin:/home/zizo/.local/bin:/usr/lib/jvm/jdk1.8.0_181/bin:/usr/lib/jvm/jdk1.8.0_181/db/bin:/usr/lib/jvm/jdk1.8.0_181/jre/bin:/home/zizo/bin:/home/zizo/.local/bin:/usr/local/sbin:/usr/local/bin:/usr/sbin:/usr/bin:/sbin:/bin:/usr/games:/usr/local/games:/snap/bin:/home/zizo/Android/Sdk/emulator:/home/zizo/Android/Sdk/tools:/home/zizo/Android/Sdk/tools/bin:/home/zizo/Android/Sdk/platform-tools:/usr/local/go/bin:/home/zizo/Android/Sdk/emulator:/home/zizo/Android/Sdk/tools:/home/zizo/Android/Sdk/tools/bin:/home/zizo/Android/Sdk/platform-tools:/usr/local/go/bin
10 verbose lifecycle life_management@1.0.0~angular: CWD: /home/zizo/web/github_projects/Life_Management
11 silly lifecycle life_management@1.0.0~angular: Args: [ '-c', 'cd client && ng build --watch' ]
12 silly lifecycle life_management@1.0.0~angular: Returned: code: 3  signal: null
13 info lifecycle life_management@1.0.0~angular: Failed to exec angular script
14 verbose stack Error: life_management@1.0.0 angular: `cd client && ng build --watch`
14 verbose stack Exit status 3
14 verbose stack     at EventEmitter.<anonymous> (/usr/lib/node_modules/npm/lib/utils/lifecycle.js:255:16)
14 verbose stack     at emitTwo (events.js:106:13)
14 verbose stack     at EventEmitter.emit (events.js:191:7)
14 verbose stack     at ChildProcess.<anonymous> (/usr/lib/node_modules/npm/lib/utils/spawn.js:40:14)
14 verbose stack     at emitTwo (events.js:106:13)
14 verbose stack     at ChildProcess.emit (events.js:191:7)
14 verbose stack     at maybeClose (internal/child_process.js:920:16)
14 verbose stack     at Process.ChildProcess._handle.onexit (internal/child_process.js:230:5)
15 verbose pkgid life_management@1.0.0
16 verbose cwd /home/zizo/web/github_projects/Life_Management
17 error Linux 4.15.0-39-generic
18 error argv "/usr/local/bin/node" "/usr/bin/npm" "run" "angular"
19 error node v6.15.0
20 error npm  v3.10.10
21 error code ELIFECYCLE
22 error life_management@1.0.0 angular: `cd client && ng build --watch`
22 error Exit status 3
23 error Failed at the life_management@1.0.0 angular script 'cd client && ng build --watch'.
23 error Make sure you have the latest version of node.js and npm installed.
23 error If you do, this is most likely a problem with the life_management package,
23 error not with npm itself.
23 error Tell the author that this fails on your system:
23 error     cd client && ng build --watch
23 error You can get information on how to open an issue for this project with:
23 error     npm bugs life_management
23 error Or if that isn't available, you can get their info via:
23 error     npm owner ls life_management
23 error There is likely additional logging output above.
24 verbose exit [ 1, true ]
